This file contains any messages produced by compilers while
running configure, to aid debugging if configure makes a mistake.

It was created by configure, which was
generated by GNU Autoconf 2.63.  Invocation command line was

  $ ./configure 

## --------- ##
## Platform. ##
## --------- ##

hostname = root
uname -m = x86_64
uname -r = 2.6.32-696.el6.x86_64
uname -s = Linux
uname -v = #1 SMP Tue Mar 21 19:29:05 UTC 2017

/usr/bin/uname -p = unknown
/bin/uname -X     = unknown

/bin/arch              = x86_64
/usr/bin/arch -k       = unknown
/usr/convex/getsysinfo = unknown
/usr/bin/hostinfo      = unknown
/bin/machine           = unknown
/usr/bin/oslevel       = unknown
/bin/universe          = unknown

PATH: /usr/local/sbin
PATH: /usr/local/bin
PATH: /sbin
PATH: /bin
PATH: /usr/sbin
PATH: /usr/bin
PATH: /root/bin


## ----------- ##
## Core tests. ##
## ----------- ##

configure:2073: checking for a BSD-compatible install
configure:2141: result: /usr/bin/install -c
configure:2152: checking whether build environment is sane
configure:2212: result: yes
configure:2353: checking for a thread-safe mkdir -p
configure:2392: result: /bin/mkdir -p
configure:2405: checking for gawk
configure:2421: found /bin/gawk
configure:2432: result: gawk
configure:2443: checking whether make sets $(MAKE)
configure:2465: result: yes
configure:2630: checking for g++
configure:2646: found /usr/bin/g++
configure:2657: result: g++
configure:2684: checking for C++ compiler version
configure:2692: g++ --version >&5
g++ (GCC) 4.4.7 20120313 (Red Hat 4.4.7-23)
Copyright (C) 2010 Free Software Foundation, Inc.
This is free software; see the source for copying conditions.  There is NO
warranty; not even for MERCHANTABILITY or FITNESS FOR A PARTICULAR PURPOSE.

configure:2696: $? = 0
configure:2703: g++ -v >&5
Using built-in specs.
Target: x86_64-redhat-linux
Configured with: ../configure --prefix=/usr --mandir=/usr/share/man --infodir=/usr/share/info --with-bugurl=http://bugzilla.redhat.com/bugzilla --enable-bootstrap --enable-shared --enable-threads=posix --enable-checking=release --with-system-zlib --enable-__cxa_atexit --disable-libunwind-exceptions --enable-gnu-unique-object --enable-languages=c,c++,objc,obj-c++,java,fortran,ada --enable-java-awt=gtk --disable-dssi --with-java-home=/usr/lib/jvm/java-1.5.0-gcj-1.5.0.0/jre --enable-libgcj-multifile --enable-java-maintainer-mode --with-ecj-jar=/usr/share/java/eclipse-ecj.jar --disable-libjava-multilib --with-ppl --with-cloog --with-tune=generic --with-arch_32=i686 --build=x86_64-redhat-linux
Thread model: posix
gcc version 4.4.7 20120313 (Red Hat 4.4.7-23) (GCC) 
configure:2707: $? = 0
configure:2714: g++ -V >&5
g++: '-V' option must have argument
configure:2718: $? = 1
configure:2741: checking for C++ compiler default output file name
configure:2763: g++  -g -O2 -fno-inline-functions   conftest.cpp  >&5
configure:2767: $? = 0
configure:2805: result: a.out
configure:2824: checking whether the C++ compiler works
configure:2834: ./a.out
configure:2838: $? = 0
configure:2857: result: yes
configure:2864: checking whether we are cross compiling
configure:2866: result: no
configure:2869: checking for suffix of executables
configure:2876: g++ -o conftest  -g -O2 -fno-inline-functions   conftest.cpp  >&5
configure:2880: $? = 0
configure:2906: result: 
configure:2912: checking for suffix of object files
configure:2938: g++ -c  -g -O2 -fno-inline-functions  conftest.cpp >&5
configure:2942: $? = 0
configure:2967: result: o
configure:2971: checking whether we are using the GNU C++ compiler
configure:3000: g++ -c  -g -O2 -fno-inline-functions  conftest.cpp >&5
configure:3007: $? = 0
configure:3024: result: yes
configure:3033: checking whether g++ accepts -g
configure:3063: g++ -c -g  conftest.cpp >&5
configure:3070: $? = 0
configure:3171: result: yes
configure:3205: checking for style of include used by make
configure:3233: result: GNU
configure:3258: checking dependency style of g++
configure:3368: result: gcc3
configure:3414: checking build system type
configure:3432: result: x86_64-unknown-linux-gnu
configure:3454: checking host system type
configure:3469: result: x86_64-unknown-linux-gnu
configure:3539: checking for gcc
configure:3555: found /usr/bin/gcc
configure:3566: result: gcc
configure:3798: checking for C compiler version
configure:3806: gcc --version >&5
gcc (GCC) 4.4.7 20120313 (Red Hat 4.4.7-23)
Copyright (C) 2010 Free Software Foundation, Inc.
This is free software; see the source for copying conditions.  There is NO
warranty; not even for MERCHANTABILITY or FITNESS FOR A PARTICULAR PURPOSE.

configure:3810: $? = 0
configure:3817: gcc -v >&5
Using built-in specs.
Target: x86_64-redhat-linux
Configured with: ../configure --prefix=/usr --mandir=/usr/share/man --infodir=/usr/share/info --with-bugurl=http://bugzilla.redhat.com/bugzilla --enable-bootstrap --enable-shared --enable-threads=posix --enable-checking=release --with-system-zlib --enable-__cxa_atexit --disable-libunwind-exceptions --enable-gnu-unique-object --enable-languages=c,c++,objc,obj-c++,java,fortran,ada --enable-java-awt=gtk --disable-dssi --with-java-home=/usr/lib/jvm/java-1.5.0-gcj-1.5.0.0/jre --enable-libgcj-multifile --enable-java-maintainer-mode --with-ecj-jar=/usr/share/java/eclipse-ecj.jar --disable-libjava-multilib --with-ppl --with-cloog --with-tune=generic --with-arch_32=i686 --build=x86_64-redhat-linux
Thread model: posix
gcc version 4.4.7 20120313 (Red Hat 4.4.7-23) (GCC) 
configure:3821: $? = 0
configure:3828: gcc -V >&5
gcc: '-V' option must have argument
configure:3832: $? = 1
configure:3835: checking whether we are using the GNU C compiler
configure:3864: gcc -c   conftest.c >&5
configure:3871: $? = 0
configure:3888: result: yes
configure:3897: checking whether gcc accepts -g
configure:3927: gcc -c -g  conftest.c >&5
configure:3934: $? = 0
configure:4035: result: yes
configure:4052: checking for gcc option to accept ISO C89
configure:4126: gcc  -c -g -O2  conftest.c >&5
configure:4133: $? = 0
configure:4156: result: none needed
configure:4176: checking dependency style of gcc
configure:4286: result: gcc3
configure:4301: checking for a sed that does not truncate output
configure:4367: result: /bin/sed
configure:4385: checking for grep that handles long lines and -e
configure:4445: result: /bin/grep
configure:4450: checking for egrep
configure:4514: result: /bin/grep -E
configure:4519: checking for fgrep
configure:4583: result: /bin/grep -F
configure:4618: checking for ld used by gcc
configure:4685: result: /usr/bin/ld
configure:4694: checking if the linker (/usr/bin/ld) is GNU ld
configure:4709: result: yes
configure:4721: checking for BSD- or MS-compatible name lister (nm)
configure:4770: result: /usr/bin/nm -B
configure:4888: checking the name lister (/usr/bin/nm -B) interface
configure:4895: g++ -c  -g -O2 -fno-inline-functions  conftest.cpp >&5
configure:4898: /usr/bin/nm -B "conftest.o"
configure:4901: output
0000000000000000 B some_variable
configure:4908: result: BSD nm
configure:4911: checking whether ln -s works
configure:4915: result: yes
configure:4923: checking the maximum length of command line arguments
configure:5043: result: 1966080
configure:5060: checking whether the shell understands some XSI constructs
configure:5070: result: yes
configure:5074: checking whether the shell understands "+="
configure:5080: result: yes
configure:5115: checking for /usr/bin/ld option to reload object files
configure:5122: result: -r
configure:5191: checking for objdump
configure:5207: found /usr/bin/objdump
configure:5218: result: objdump
configure:5250: checking how to recognize dependent libraries
configure:5446: result: pass_all
configure:5506: checking for ar
configure:5522: found /usr/bin/ar
configure:5533: result: ar
configure:5611: checking for strip
configure:5627: found /usr/bin/strip
configure:5638: result: strip
configure:5710: checking for ranlib
configure:5726: found /usr/bin/ranlib
configure:5737: result: ranlib
configure:5827: checking command to parse /usr/bin/nm -B output from gcc object
configure:5945: g++ -c  -g -O2 -fno-inline-functions  conftest.cpp >&5
configure:5948: $? = 0
configure:5952: /usr/bin/nm -B conftest.o \| sed -n -e 's/^.*[	 ]\([ABCDGIRSTW][ABCDGIRSTW]*\)[	 ][	 ]*\([_A-Za-z][_A-Za-z0-9]*\)$/\1 \2 \2/p' \> conftest.nm
configure:5955: $? = 0
configure:6009: g++ -o conftest  -g -O2 -fno-inline-functions   conftest.cpp conftstm.o >&5
configure:6012: $? = 0
configure:6050: result: ok
configure:6146: g++ -c  -g -O2 -fno-inline-functions  conftest.cpp >&5
configure:6149: $? = 0
configure:6917: checking how to run the C preprocessor
configure:6957: gcc -E  conftest.c
configure:6964: $? = 0
configure:6995: gcc -E  conftest.c
conftest.c:10:28: error: ac_nonexistent.h: No such file or directory
configure:7002: $? = 1
configure: failed program was:
| /* confdefs.h.  */
| #define PACKAGE_NAME ""
| #define PACKAGE_TARNAME ""
| #define PACKAGE_VERSION ""
| #define PACKAGE_STRING ""
| #define PACKAGE_BUGREPORT ""
| #define PACKAGE "orkaudio"
| #define VERSION "1.0"
| /* end confdefs.h.  */
| #include <ac_nonexistent.h>
configure:7035: result: gcc -E
configure:7064: gcc -E  conftest.c
configure:7071: $? = 0
configure:7102: gcc -E  conftest.c
conftest.c:10:28: error: ac_nonexistent.h: No such file or directory
configure:7109: $? = 1
configure: failed program was:
| /* confdefs.h.  */
| #define PACKAGE_NAME ""
| #define PACKAGE_TARNAME ""
| #define PACKAGE_VERSION ""
| #define PACKAGE_STRING ""
| #define PACKAGE_BUGREPORT ""
| #define PACKAGE "orkaudio"
| #define VERSION "1.0"
| /* end confdefs.h.  */
| #include <ac_nonexistent.h>
configure:7149: checking for ANSI C header files
configure:7179: gcc -c -g -O2  conftest.c >&5
configure:7186: $? = 0
configure:7285: gcc -o conftest -g -O2   conftest.c  >&5
configure:7289: $? = 0
configure:7295: ./conftest
configure:7299: $? = 0
configure:7317: result: yes
configure:7341: checking for sys/types.h
configure:7362: gcc -c -g -O2  conftest.c >&5
configure:7369: $? = 0
configure:7386: result: yes
configure:7341: checking for sys/stat.h
configure:7362: gcc -c -g -O2  conftest.c >&5
configure:7369: $? = 0
configure:7386: result: yes
configure:7341: checking for stdlib.h
configure:7362: gcc -c -g -O2  conftest.c >&5
configure:7369: $? = 0
configure:7386: result: yes
configure:7341: checking for string.h
configure:7362: gcc -c -g -O2  conftest.c >&5
configure:7369: $? = 0
configure:7386: result: yes
configure:7341: checking for memory.h
configure:7362: gcc -c -g -O2  conftest.c >&5
configure:7369: $? = 0
configure:7386: result: yes
configure:7341: checking for strings.h
configure:7362: gcc -c -g -O2  conftest.c >&5
configure:7369: $? = 0
configure:7386: result: yes
configure:7341: checking for inttypes.h
configure:7362: gcc -c -g -O2  conftest.c >&5
configure:7369: $? = 0
configure:7386: result: yes
configure:7341: checking for stdint.h
configure:7362: gcc -c -g -O2  conftest.c >&5
configure:7369: $? = 0
configure:7386: result: yes
configure:7341: checking for unistd.h
configure:7362: gcc -c -g -O2  conftest.c >&5
configure:7369: $? = 0
configure:7386: result: yes
configure:7404: checking for dlfcn.h
configure:7425: gcc -c -g -O2  conftest.c >&5
configure:7432: $? = 0
configure:7449: result: yes
configure:7576: checking for C++ compiler version
configure:7584: g++ --version >&5
g++ (GCC) 4.4.7 20120313 (Red Hat 4.4.7-23)
Copyright (C) 2010 Free Software Foundation, Inc.
This is free software; see the source for copying conditions.  There is NO
warranty; not even for MERCHANTABILITY or FITNESS FOR A PARTICULAR PURPOSE.

configure:7588: $? = 0
configure:7595: g++ -v >&5
Using built-in specs.
Target: x86_64-redhat-linux
Configured with: ../configure --prefix=/usr --mandir=/usr/share/man --infodir=/usr/share/info --with-bugurl=http://bugzilla.redhat.com/bugzilla --enable-bootstrap --enable-shared --enable-threads=posix --enable-checking=release --with-system-zlib --enable-__cxa_atexit --disable-libunwind-exceptions --enable-gnu-unique-object --enable-languages=c,c++,objc,obj-c++,java,fortran,ada --enable-java-awt=gtk --disable-dssi --with-java-home=/usr/lib/jvm/java-1.5.0-gcj-1.5.0.0/jre --enable-libgcj-multifile --enable-java-maintainer-mode --with-ecj-jar=/usr/share/java/eclipse-ecj.jar --disable-libjava-multilib --with-ppl --with-cloog --with-tune=generic --with-arch_32=i686 --build=x86_64-redhat-linux
Thread model: posix
gcc version 4.4.7 20120313 (Red Hat 4.4.7-23) (GCC) 
configure:7599: $? = 0
configure:7606: g++ -V >&5
g++: '-V' option must have argument
configure:7610: $? = 1
configure:7613: checking whether we are using the GNU C++ compiler
configure:7666: result: yes
configure:7675: checking whether g++ accepts -g
configure:7813: result: yes
configure:7838: checking dependency style of g++
configure:7948: result: gcc3
configure:7971: checking how to run the C++ preprocessor
configure:8007: g++ -E  conftest.cpp
configure:8014: $? = 0
configure:8045: g++ -E  conftest.cpp
conftest.cpp:21:28: error: ac_nonexistent.h: No such file or directory
configure:8052: $? = 1
configure: failed program was:
| /* confdefs.h.  */
| #define PACKAGE_NAME ""
| #define PACKAGE_TARNAME ""
| #define PACKAGE_VERSION ""
| #define PACKAGE_STRING ""
| #define PACKAGE_BUGREPORT ""
| #define PACKAGE "orkaudio"
| #define VERSION "1.0"
| #define STDC_HEADERS 1
| #define HAVE_SYS_TYPES_H 1
| #define HAVE_SYS_STAT_H 1
| #define HAVE_STDLIB_H 1
| #define HAVE_STRING_H 1
| #define HAVE_MEMORY_H 1
| #define HAVE_STRINGS_H 1
| #define HAVE_INTTYPES_H 1
| #define HAVE_STDINT_H 1
| #define HAVE_UNISTD_H 1
| #define HAVE_DLFCN_H 1
| /* end confdefs.h.  */
| #include <ac_nonexistent.h>
configure:8085: result: g++ -E
configure:8114: g++ -E  conftest.cpp
configure:8121: $? = 0
configure:8152: g++ -E  conftest.cpp
conftest.cpp:21:28: error: ac_nonexistent.h: No such file or directory
configure:8159: $? = 1
configure: failed program was:
| /* confdefs.h.  */
| #define PACKAGE_NAME ""
| #define PACKAGE_TARNAME ""
| #define PACKAGE_VERSION ""
| #define PACKAGE_STRING ""
| #define PACKAGE_BUGREPORT ""
| #define PACKAGE "orkaudio"
| #define VERSION "1.0"
| #define STDC_HEADERS 1
| #define HAVE_SYS_TYPES_H 1
| #define HAVE_SYS_STAT_H 1
| #define HAVE_STDLIB_H 1
| #define HAVE_STRING_H 1
| #define HAVE_MEMORY_H 1
| #define HAVE_STRINGS_H 1
| #define HAVE_INTTYPES_H 1
| #define HAVE_STDINT_H 1
| #define HAVE_UNISTD_H 1
| #define HAVE_DLFCN_H 1
| /* end confdefs.h.  */
| #include <ac_nonexistent.h>
configure:8373: checking for objdir
configure:8388: result: .libs
configure:8680: checking if gcc supports -fno-rtti -fno-exceptions
configure:8698: gcc -c -g -O2  -fno-rtti -fno-exceptions conftest.c >&5
cc1: warning: command line option "-fno-rtti" is valid for C++/ObjC++ but not for C
configure:8702: $? = 0
configure:8715: result: no
configure:8735: checking for gcc option to produce PIC
configure:9007: result: -fPIC -DPIC
configure:9019: checking if gcc PIC flag -fPIC -DPIC works
configure:9037: gcc -c -g -O2  -fPIC -DPIC -DPIC conftest.c >&5
configure:9041: $? = 0
configure:9054: result: yes
configure:9078: checking if gcc static flag -static works
configure:9106: result: no
configure:9121: checking if gcc supports -c -o file.o
configure:9142: gcc -c -g -O2  -o out/conftest2.o conftest.c >&5
configure:9146: $? = 0
configure:9168: result: yes
configure:9176: checking if gcc supports -c -o file.o
configure:9223: result: yes
configure:9256: checking whether the gcc linker (/usr/bin/ld -m elf_x86_64) supports shared libraries
configure:10330: result: yes
configure:10367: checking whether -lc should be explicitly linked in
configure:10372: gcc -c -g -O2  conftest.c >&5
configure:10375: $? = 0
configure:10390: gcc -shared conftest.o  -v -Wl,-soname -Wl,conftest -o conftest 2\>\&1 \| /bin/grep  -lc  \>/dev/null 2\>\&1
configure:10393: $? = 0
configure:10405: result: no
configure:10569: checking dynamic linker characteristics
configure:11012: gcc -o conftest -g -O2   -Wl,-rpath -Wl,/foo conftest.c  >&5
configure:11019: $? = 0
configure:11255: result: GNU/Linux ld.so
configure:11357: checking how to hardcode library paths into programs
configure:11382: result: immediate
configure:12215: checking whether stripping libraries is possible
configure:12220: result: yes
configure:12255: checking if libtool supports shared libraries
configure:12257: result: yes
configure:12260: checking whether to build shared libraries
configure:12281: result: yes
configure:12284: checking whether to build static libraries
configure:12288: result: yes
configure:12438: checking for ld used by g++
configure:12505: result: /usr/bin/ld -m elf_x86_64
configure:12514: checking if the linker (/usr/bin/ld -m elf_x86_64) is GNU ld
configure:12529: result: yes
configure:12584: checking whether the g++ linker (/usr/bin/ld -m elf_x86_64) supports shared libraries
configure:13559: result: yes
configure:13587: g++ -c  -g -O2 -fno-inline-functions  conftest.cpp >&5
configure:13590: $? = 0
configure:13772: checking for g++ option to produce PIC
configure:14089: result: -fPIC -DPIC
configure:14098: checking if g++ PIC flag -fPIC -DPIC works
configure:14116: g++ -c  -g -O2 -fno-inline-functions  -fPIC -DPIC -DPIC conftest.cpp >&5
configure:14120: $? = 0
configure:14133: result: yes
configure:14154: checking if g++ static flag -static works
configure:14182: result: no
configure:14194: checking if g++ supports -c -o file.o
configure:14215: g++ -c  -g -O2 -fno-inline-functions  -o out/conftest2.o conftest.cpp >&5
configure:14219: $? = 0
configure:14241: result: yes
configure:14246: checking if g++ supports -c -o file.o
configure:14293: result: yes
configure:14323: checking whether the g++ linker (/usr/bin/ld -m elf_x86_64) supports shared libraries
configure:14349: result: yes
configure:14486: checking dynamic linker characteristics
configure:14877: g++ -o conftest  -g -O2 -fno-inline-functions   -Wl,-rpath -Wl,/foo conftest.cpp  >&5
configure:14884: $? = 0
configure:15120: result: GNU/Linux ld.so
configure:15171: checking how to hardcode library paths into programs
configure:15196: result: immediate
configure:15400: creating ./config.status

## ---------------------- ##
## Running config.status. ##
## ---------------------- ##

This file was extended by config.status, which was
generated by GNU Autoconf 2.63.  Invocation command line was

  CONFIG_FILES    = 
  CONFIG_HEADERS  = 
  CONFIG_LINKS    = 
  CONFIG_COMMANDS = 
  $ ./config.status 

on root

config.status:1052: creating Makefile
config.status:1052: creating audiocaptureplugins/Makefile
config.status:1052: creating audiocaptureplugins/generator/Makefile
config.status:1052: creating audiocaptureplugins/voip/Makefile
config.status:1052: creating filters/Makefile
config.status:1052: creating filters/rtpmixer/Makefile
config.status:1052: creating filters/silkcodec/Makefile
config.status:1052: creating config.h
config.status:1274: config.h is unchanged
config.status:1326: executing depfiles commands
config.status:1326: executing libtool commands

## ---------------- ##
## Cache variables. ##
## ---------------- ##

ac_cv_build=x86_64-unknown-linux-gnu
ac_cv_c_compiler_gnu=yes
ac_cv_cxx_compiler_gnu=yes
ac_cv_env_CCC_set=
ac_cv_env_CCC_value=
ac_cv_env_CC_set=
ac_cv_env_CC_value=
ac_cv_env_CFLAGS_set=
ac_cv_env_CFLAGS_value=
ac_cv_env_CPPFLAGS_set=
ac_cv_env_CPPFLAGS_value=
ac_cv_env_CPP_set=
ac_cv_env_CPP_value=
ac_cv_env_CXXCPP_set=
ac_cv_env_CXXCPP_value=
ac_cv_env_CXXFLAGS_set=
ac_cv_env_CXXFLAGS_value=
ac_cv_env_CXX_set=
ac_cv_env_CXX_value=
ac_cv_env_LDFLAGS_set=
ac_cv_env_LDFLAGS_value=
ac_cv_env_LIBS_set=
ac_cv_env_LIBS_value=
ac_cv_env_build_alias_set=
ac_cv_env_build_alias_value=
ac_cv_env_host_alias_set=
ac_cv_env_host_alias_value=
ac_cv_env_target_alias_set=
ac_cv_env_target_alias_value=
ac_cv_header_dlfcn_h=yes
ac_cv_header_inttypes_h=yes
ac_cv_header_memory_h=yes
ac_cv_header_stdc=yes
ac_cv_header_stdint_h=yes
ac_cv_header_stdlib_h=yes
ac_cv_header_string_h=yes
ac_cv_header_strings_h=yes
ac_cv_header_sys_stat_h=yes
ac_cv_header_sys_types_h=yes
ac_cv_header_unistd_h=yes
ac_cv_host=x86_64-unknown-linux-gnu
ac_cv_objext=o
ac_cv_path_EGREP='/bin/grep -E'
ac_cv_path_FGREP='/bin/grep -F'
ac_cv_path_GREP=/bin/grep
ac_cv_path_SED=/bin/sed
ac_cv_path_install='/usr/bin/install -c'
ac_cv_path_mkdir=/bin/mkdir
ac_cv_prog_AWK=gawk
ac_cv_prog_CPP='gcc -E'
ac_cv_prog_CXXCPP='g++ -E'
ac_cv_prog_ac_ct_AR=ar
ac_cv_prog_ac_ct_CC=gcc
ac_cv_prog_ac_ct_CXX=g++
ac_cv_prog_ac_ct_OBJDUMP=objdump
ac_cv_prog_ac_ct_RANLIB=ranlib
ac_cv_prog_ac_ct_STRIP=strip
ac_cv_prog_cc_c89=
ac_cv_prog_cc_g=yes
ac_cv_prog_cxx_g=yes
ac_cv_prog_make_make_set=yes
am_cv_CC_dependencies_compiler_type=gcc3
am_cv_CXX_dependencies_compiler_type=gcc3
lt_cv_deplibs_check_method=pass_all
lt_cv_file_magic_cmd='$MAGIC_CMD'
lt_cv_file_magic_test_file=
lt_cv_ld_reload_flag=-r
lt_cv_nm_interface='BSD nm'
lt_cv_objdir=.libs
lt_cv_path_LD=/usr/bin/ld
lt_cv_path_LDCXX='/usr/bin/ld -m elf_x86_64'
lt_cv_path_NM='/usr/bin/nm -B'
lt_cv_prog_compiler_c_o=yes
lt_cv_prog_compiler_c_o_CXX=yes
lt_cv_prog_compiler_pic_works=yes
lt_cv_prog_compiler_pic_works_CXX=yes
lt_cv_prog_compiler_rtti_exceptions=no
lt_cv_prog_compiler_static_works=no
lt_cv_prog_compiler_static_works_CXX=no
lt_cv_prog_gnu_ld=yes
lt_cv_prog_gnu_ldcxx=yes
lt_cv_sys_global_symbol_pipe='sed -n -e '\''s/^.*[	 ]\([ABCDGIRSTW][ABCDGIRSTW]*\)[	 ][	 ]*\([_A-Za-z][_A-Za-z0-9]*\)$/\1 \2 \2/p'\'''
lt_cv_sys_global_symbol_to_c_name_address='sed -n -e '\''s/^: \([^ ]*\) $/  {\"\1\", (void *) 0},/p'\'' -e '\''s/^[ABCDGIRSTW]* \([^ ]*\) \([^ ]*\)$/  {"\2", (void *) \&\2},/p'\'''
lt_cv_sys_global_symbol_to_c_name_address_lib_prefix='sed -n -e '\''s/^: \([^ ]*\) $/  {\"\1\", (void *) 0},/p'\'' -e '\''s/^[ABCDGIRSTW]* \([^ ]*\) \(lib[^ ]*\)$/  {"\2", (void *) \&\2},/p'\'' -e '\''s/^[ABCDGIRSTW]* \([^ ]*\) \([^ ]*\)$/  {"lib\2", (void *) \&\2},/p'\'''
lt_cv_sys_global_symbol_to_cdecl='sed -n -e '\''s/^T .* \(.*\)$/extern int \1();/p'\'' -e '\''s/^[ABCDGIRSTW]* .* \(.*\)$/extern char \1;/p'\'''
lt_cv_sys_max_cmd_len=1966080

## ----------------- ##
## Output variables. ##
## ----------------- ##

ACLOCAL='${SHELL} /usr/src/oreka-svn-r1063-trunk/oreka-svn-r1063-trunk/orkaudio/missing --run aclocal-1.11'
AMDEPBACKSLASH='\'
AMDEP_FALSE='#'
AMDEP_TRUE=''
AMTAR='${SHELL} /usr/src/oreka-svn-r1063-trunk/oreka-svn-r1063-trunk/orkaudio/missing --run tar'
AR='ar'
AUTOCONF='${SHELL} /usr/src/oreka-svn-r1063-trunk/oreka-svn-r1063-trunk/orkaudio/missing --run autoconf'
AUTOHEADER='${SHELL} /usr/src/oreka-svn-r1063-trunk/oreka-svn-r1063-trunk/orkaudio/missing --run autoheader'
AUTOMAKE='${SHELL} /usr/src/oreka-svn-r1063-trunk/oreka-svn-r1063-trunk/orkaudio/missing --run automake-1.11'
AWK='gawk'
CC='gcc'
CCDEPMODE='depmode=gcc3'
CFLAGS='-g -O2'
CPP='gcc -E'
CPPFLAGS=''
CXX='g++'
CXXCPP='g++ -E'
CXXDEPMODE='depmode=gcc3'
CXXFLAGS=' -g -O2 -fno-inline-functions'
CYGPATH_W='echo'
DEFS='-DHAVE_CONFIG_H'
DEPDIR='.deps'
DSYMUTIL=''
DUMPBIN=''
ECHO_C=''
ECHO_N='-n'
ECHO_T=''
EGREP='/bin/grep -E'
EXEEXT=''
FGREP='/bin/grep -F'
GREP='/bin/grep'
INSTALL_DATA='${INSTALL} -m 644'
INSTALL_PROGRAM='${INSTALL}'
INSTALL_SCRIPT='${INSTALL}'
INSTALL_STRIP_PROGRAM='$(install_sh) -c -s'
LD='/usr/bin/ld -m elf_x86_64'
LDFLAGS=''
LIBOBJS=''
LIBS=''
LIBTOOL='$(SHELL) $(top_builddir)/libtool'
LIPO=''
LN_S='ln -s'
LTLIBOBJS=''
MAKEINFO='${SHELL} /usr/src/oreka-svn-r1063-trunk/oreka-svn-r1063-trunk/orkaudio/missing --run makeinfo'
MKDIR_P='/bin/mkdir -p'
NM='/usr/bin/nm -B'
NMEDIT=''
OBJDUMP='objdump'
OBJEXT='o'
OTOOL64=''
OTOOL=''
PACKAGE='orkaudio'
PACKAGE_BUGREPORT=''
PACKAGE_NAME=''
PACKAGE_STRING=''
PACKAGE_TARNAME=''
PACKAGE_VERSION=''
PATH_SEPARATOR=':'
RANLIB='ranlib'
SED='/bin/sed'
SET_MAKE=''
SHELL='/bin/sh'
STRIP='strip'
VERSION='1.0'
ac_ct_CC='gcc'
ac_ct_CXX='g++'
ac_ct_DUMPBIN=''
am__EXEEXT_FALSE=''
am__EXEEXT_TRUE='#'
am__fastdepCC_FALSE='#'
am__fastdepCC_TRUE=''
am__fastdepCXX_FALSE='#'
am__fastdepCXX_TRUE=''
am__include='include'
am__isrc=''
am__leading_dot='.'
am__quote=''
am__tar='${AMTAR} chof - "$$tardir"'
am__untar='${AMTAR} xf -'
bindir='${exec_prefix}/bin'
build='x86_64-unknown-linux-gnu'
build_alias=''
build_cpu='x86_64'
build_os='linux-gnu'
build_vendor='unknown'
datadir='${datarootdir}'
datarootdir='${prefix}/share'
docdir='${datarootdir}/doc/${PACKAGE}'
dvidir='${docdir}'
exec_prefix='${prefix}'
host='x86_64-unknown-linux-gnu'
host_alias=''
host_cpu='x86_64'
host_os='linux-gnu'
host_vendor='unknown'
htmldir='${docdir}'
includedir='${prefix}/include'
infodir='${datarootdir}/info'
install_sh='${SHELL} /usr/src/oreka-svn-r1063-trunk/oreka-svn-r1063-trunk/orkaudio/install-sh'
libdir='${exec_prefix}/lib'
libexecdir='${exec_prefix}/libexec'
localedir='${datarootdir}/locale'
localstatedir='${prefix}/var'
lt_ECHO='echo'
mandir='${datarootdir}/man'
mkdir_p='/bin/mkdir -p'
oldincludedir='/usr/include'
pdfdir='${docdir}'
prefix='/usr'
program_transform_name='s,x,x,'
psdir='${docdir}'
sbindir='${exec_prefix}/sbin'
sharedstatedir='${prefix}/com'
speex_lib='speex'
sysconfdir='${prefix}/etc'
target_alias=''

## ----------- ##
## confdefs.h. ##
## ----------- ##

#define PACKAGE_NAME ""
#define PACKAGE_TARNAME ""
#define PACKAGE_VERSION ""
#define PACKAGE_STRING ""
#define PACKAGE_BUGREPORT ""
#define PACKAGE "orkaudio"
#define VERSION "1.0"
#define STDC_HEADERS 1
#define HAVE_SYS_TYPES_H 1
#define HAVE_SYS_STAT_H 1
#define HAVE_STDLIB_H 1
#define HAVE_STRING_H 1
#define HAVE_MEMORY_H 1
#define HAVE_STRINGS_H 1
#define HAVE_INTTYPES_H 1
#define HAVE_STDINT_H 1
#define HAVE_UNISTD_H 1
#define HAVE_DLFCN_H 1
#define LT_OBJDIR ".libs/"

configure: exit 0
